[1647041996.950][INFO]: Starting ChromeDriver 99.0.4844.17 (395f87df02eedda1d0e06d5ac0614b0eeb22a9e8-refs/branch-heads/4844@{#182}) on port 58615
[1647041996.950][INFO]: Please see https://chromedriver.chromium.org/security-considerations for suggestions on keeping ChromeDriver safe.
[1647041997.696][INFO]: [a201074165aeca65fd01fc9f8d8e6ad4] COMMAND InitSession {
   "capabilities": {
      "alwaysMatch": {
         "browserName": "chrome",
         "goog:chromeOptions": {
            "args": [ "--headless", "window-size=1920,1080", "--no-sandbox", "--disable-dev-shm-usage", "--log-level=3", "--silent", "--disable-logging" ],
            "excludeSwitches": [ "enable-logging" ],
            "extensions": [  ]
         },
         "platformName": "any"
      },
      "firstMatch": [ {

      } ]
   },
   "desiredCapabilities": {
      "browserName": "chrome",
      "goog:chromeOptions": {
         "args": [ "--headless", "window-size=1920,1080", "--no-sandbox", "--disable-dev-shm-usage", "--log-level=3", "--silent", "--disable-logging" ],
         "excludeSwitches": [ "enable-logging" ],
         "extensions": [  ]
      },
      "platform": "ANY",
      "version": ""
   }
}
[1647041997.699][INFO]: Populating Preferences file: {
   "alternate_error_pages": {
      "enabled": false
   },
   "autofill": {
      "enabled": false
   },
   "browser": {
      "check_default_browser": false
   },
   "distribution": {
      "import_bookmarks": false,
      "import_history": false,
      "import_search_engine": false,
      "make_chrome_default_for_user": false,
      "skip_first_run_ui": true
   },
   "dns_prefetching": {
      "enabled": false
   },
   "profile": {
      "content_settings": {
         "pattern_pairs": {
            "https://*,*": {
               "media-stream": {
                  "audio": "Default",
                  "video": "Default"
               }
            }
         }
      },
      "default_content_setting_values": {
         "geolocation": 1
      },
      "default_content_settings": {
         "geolocation": 1,
         "mouselock": 1,
         "notifications": 1,
         "popups": 1,
         "ppapi-broker": 1
      },
      "password_manager_enabled": false
   },
   "safebrowsing": {
      "enabled": false
   },
   "search": {
      "suggest_enabled": false
   },
   "translate": {
      "enabled": false
   }
}
[1647041997.699][INFO]: Populating Local State file: {
   "background_mode": {
      "enabled": false
   },
   "ssl": {
      "rev_checking": {
         "enabled": false
      }
   }
}
[1647041997.700][INFO]: Launching chrome: /Applications/Google Chrome.app/Contents/MacOS/Google Chrome --allow-pre-commit-input --disable-background-networking --disable-client-side-phishing-detection --disable-default-apps --disable-dev-shm-usage --disable-hang-monitor --disable-logging --disable-popup-blocking --disable-prompt-on-repost --disable-sync --enable-automation --enable-blink-features=ShadowDOMV0 --headless --log-level=3 --no-first-run --no-sandbox --no-service-autorun --password-store=basic --remote-debugging-port=0 --silent --test-type=webdriver --use-mock-keychain --user-data-dir=/var/folders/tp/ntysscmn2cn85zfh6tcrry_m0000gp/T/.com.google.Chrome.LiONuy --window-size=1920,1080 data:,
[1647041998.413][INFO]: resolved localhost to ["::1","127.0.0.1"]
[1647041998.857][INFO]: [a201074165aeca65fd01fc9f8d8e6ad4] RESPONSE InitSession {
   "capabilities": {
      "acceptInsecureCerts": false,
      "browserName": "chrome",
      "browserVersion": "99.0.4844.51",
      "chrome": {
         "chromedriverVersion": "99.0.4844.17 (395f87df02eedda1d0e06d5ac0614b0eeb22a9e8-refs/branch-heads/4844@{#182})",
         "userDataDir": "/var/folders/tp/ntysscmn2cn85zfh6tcrry_m0000gp/T/.com.google.Chrome.LiONuy"
      },
      "goog:chromeOptions": {
         "debuggerAddress": "localhost:58626"
      },
      "networkConnectionEnabled": false,
      "pageLoadStrategy": "normal",
      "platformName": "mac os x",
      "proxy": {

      },
      "setWindowRect": true,
      "strictFileInteractability": false,
      "timeouts": {
         "implicit": 0,
         "pageLoad": 300000,
         "script": 30000
      },
      "unhandledPromptBehavior": "dismiss and notify",
      "webauthn:extension:credBlob": true,
      "webauthn:extension:largeBlob": true,
      "webauthn:virtualAuthenticators": true
   },
   "sessionId": "a201074165aeca65fd01fc9f8d8e6ad4"
}
[1647041998.864][INFO]: [a201074165aeca65fd01fc9f8d8e6ad4] COMMAND Navigate {
   "url": "https://www.notion.so/Hola-Soy-Aitor-bbdced757acd4099978ce595ba583c80"
}
[1647041998.864][INFO]: Waiting for pending navigations...
[1647041998.867][INFO]: Done waiting for pending navigations. Status: ok
[1647042000.191][INFO]: Waiting for pending navigations...
[1647042001.687][INFO]: Done waiting for pending navigations. Status: ok
[1647042001.687][INFO]: [a201074165aeca65fd01fc9f8d8e6ad4] RESPONSE Navigate
[1647042001.688][INFO]: [a201074165aeca65fd01fc9f8d8e6ad4] COMMAND FindElements {
   "using": "css selector",
   "value": ".notion-presence-container"
}
[1647042001.689][INFO]: Waiting for pending navigations...
[1647042001.690][INFO]: Done waiting for pending navigations. Status: ok
[1647042001.709][INFO]: Waiting for pending navigations...
[1647042001.717][INFO]: Done waiting for pending navigations. Status: ok
[1647042001.718][INFO]: [a201074165aeca65fd01fc9f8d8e6ad4] RESPONSE FindElements [  ]
[1647042002.221][INFO]: [a201074165aeca65fd01fc9f8d8e6ad4] COMMAND FindElements {
   "using": "css selector",
   "value": ".notion-presence-container"
}
[1647042002.221][INFO]: Waiting for pending navigations...
[1647042002.222][INFO]: Done waiting for pending navigations. Status: ok
[1647042002.226][INFO]: Waiting for pending navigations...
[1647042002.227][INFO]: Done waiting for pending navigations. Status: ok
[1647042002.227][INFO]: [a201074165aeca65fd01fc9f8d8e6ad4] RESPONSE FindElements [  ]
[1647042002.731][INFO]: [a201074165aeca65fd01fc9f8d8e6ad4] COMMAND FindElements {
   "using": "css selector",
   "value": ".notion-presence-container"
}
[1647042002.731][INFO]: Waiting for pending navigations...
[1647042002.743][INFO]: Done waiting for pending navigations. Status: ok
[1647042002.749][INFO]: Waiting for pending navigations...
[1647042002.751][INFO]: Done waiting for pending navigations. Status: ok
[1647042002.751][INFO]: [a201074165aeca65fd01fc9f8d8e6ad4] RESPONSE FindElements [  ]
[1647042003.254][INFO]: [a201074165aeca65fd01fc9f8d8e6ad4] COMMAND FindElements {
   "using": "css selector",
   "value": ".notion-presence-container"
}
[1647042003.254][INFO]: Waiting for pending navigations...
[1647042003.482][INFO]: Done waiting for pending navigations. Status: ok
[1647042003.518][INFO]: Waiting for pending navigations...
[1647042003.566][INFO]: Done waiting for pending navigations. Status: ok
[1647042003.566][INFO]: [a201074165aeca65fd01fc9f8d8e6ad4] RESPONSE FindElements [ {
   "element-6066-11e4-a52e-4f735466cecf": "eb1131d2-2acc-4869-8ad9-e06a3288aebb"
} ]
[1647042003.567][INFO]: [a201074165aeca65fd01fc9f8d8e6ad4] COMMAND FindElements {
   "using": "css selector",
   "value": ".notion-unknown-block"
}
[1647042003.567][INFO]: Waiting for pending navigations...
[1647042003.641][INFO]: Done waiting for pending navigations. Status: ok
[1647042003.806][INFO]: Waiting for pending navigations...
[1647042003.824][INFO]: Done waiting for pending navigations. Status: ok
[1647042003.824][INFO]: [a201074165aeca65fd01fc9f8d8e6ad4] RESPONSE FindElements [  ]
[1647042003.825][INFO]: [a201074165aeca65fd01fc9f8d8e6ad4] COMMAND FindElements {
   "using": "css selector",
   "value": ".loading-spinner"
}
[1647042003.825][INFO]: Waiting for pending navigations...
[1647042003.948][INFO]: Done waiting for pending navigations. Status: ok
[1647042003.959][INFO]: Waiting for pending navigations...
[1647042003.967][INFO]: Done waiting for pending navigations. Status: ok
[1647042003.968][INFO]: [a201074165aeca65fd01fc9f8d8e6ad4] RESPONSE FindElements [  ]
[1647042003.969][INFO]: [a201074165aeca65fd01fc9f8d8e6ad4] COMMAND FindElements {
   "using": "css selector",
   "value": ".notion-scroller"
}
[1647042003.969][INFO]: Waiting for pending navigations...
[1647042003.971][INFO]: Done waiting for pending navigations. Status: ok
[1647042004.063][INFO]: Waiting for pending navigations...
[1647042004.067][INFO]: Done waiting for pending navigations. Status: ok
[1647042004.067][INFO]: [a201074165aeca65fd01fc9f8d8e6ad4] RESPONSE FindElements [ {
   "element-6066-11e4-a52e-4f735466cecf": "cfe028f9-f7b0-481f-a118-341f3d482f59"
} ]
[1647042004.068][INFO]: [a201074165aeca65fd01fc9f8d8e6ad4] COMMAND FindChildElements {
   "id": "cfe028f9-f7b0-481f-a118-341f3d482f59",
   "using": "css selector",
   "value": "div"
}
[1647042004.068][INFO]: Waiting for pending navigations...
[1647042004.069][INFO]: Done waiting for pending navigations. Status: ok
[1647042004.089][INFO]: Waiting for pending navigations...
[1647042004.092][INFO]: Done waiting for pending navigations. Status: ok
[1647042004.092][INFO]: [a201074165aeca65fd01fc9f8d8e6ad4] RESPONSE FindChildElements [ {
   "element-6066-11e4-a52e-4f735466cecf": "3da1dd1b-f228-4e00-a7c8-ef0d73543dc9"
}, {
   "element-6066-11e4-a52e-4f735466cecf": "c02b870a-50a0-4894-a5b0-0df14c501739"
}, {
   "element-6066-11e4-a52e-4f735466cecf": "e8ec8427-1653-476b-8038-18bfe780cf9f"
}, {
   "element-6066-11e4-a52e-4f735466cecf": "93ef4309-4d89-4442-8d61-da61a586beca"
}, {
   "element-6066-11e4-a52e-4f735466cecf": "3560e637-4aa0-45f8-bfcf-9a7b48bc1f57"
}, {
   "element-6066-11e4-a52e-4f735466cecf": "0632221c-36ae-4b37-990c-48709c954fa7"
}, {
   "element-6066-11e4-a52e-4f735466cecf": "0cb4c47c-4fa1-4cfb-b870-3016acaef84f"
}, {
   "element-6066-11e4-a52e-4f735466cecf": "8732e107-6dbf-40ca-9297-29eec8d24a28"
}, {
   "element-6066-11e4-a52e-4f735466cecf": "b4f38105-0174-4444-b748-9624c50d0897"
}, {
   "element-6066-11e4-a52e-4f735466cecf": "41a73dd4-c858-4215-b291-68eb0b92e8d3"
}, {
   "element-6066-11e4-a52e-4f735466cecf": "8c865f17-a31e-46e3-ae54-bbb34d08c551"
}, {
   "element-6066-11e4-a52e-4f735466cecf": "fdd28152-1f42-4070-8d9b-971cceae4a22"
}, {
   "element-6066-11e4-a52e-4f735466cecf": "0fccb30a-1def-43d5-a39c-cce34b4efb57"
}, {
   "element-6066-11e4-a52e-4f735466cecf": "edd56b89-9819-4bd1-a972-5e3e39d0032b"
}, {
   "element-6066-11e4-a52e-4f735466cecf": "04445571-58c2-4bcb-9837-bb6c2d80fc00"
}, {
   "element-6066-11e4-a52e-4f735466cecf": "8f1617fb-1ac8-4775-aa5d-7ee391d8e5fa"
}, {
   "element-6066-11e4-a52e-4f735466cecf": "e3d058aa-fb8c-4068-a158-8a05b643fdde"
}, {
   "element-6066-11e4-a52e-4f735466cecf": "67aaf3c2-17fd-46b2-ae23-931b7e56fd45"
}, {
   "element-6066-11e4-a52e-4f735466cecf": "6634a5b7-088d-4045-a05b-6a1115330762"
}, "..." ]
[1647042004.094][INFO]: [a201074165aeca65fd01fc9f8d8e6ad4] COMMAND FindElements {
   "using": "css selector",
   "value": ".notion-calendar-view"
}
[1647042004.094][INFO]: Waiting for pending navigations...
[1647042004.094][INFO]: Done waiting for pending navigations. Status: ok
[1647042004.100][INFO]: Waiting for pending navigations...
[1647042004.101][INFO]: Done waiting for pending navigations. Status: ok
[1647042004.101][INFO]: [a201074165aeca65fd01fc9f8d8e6ad4] RESPONSE FindElements [  ]
[1647042004.101][INFO]: [a201074165aeca65fd01fc9f8d8e6ad4] COMMAND FindElement {
   "using": "css selector",
   "value": ".notion-frame > .notion-scroller"
}
[1647042004.102][INFO]: Waiting for pending navigations...
[1647042004.102][INFO]: Done waiting for pending navigations. Status: ok
[1647042004.108][INFO]: Waiting for pending navigations...
[1647042004.147][INFO]: Done waiting for pending navigations. Status: ok
[1647042004.147][INFO]: [a201074165aeca65fd01fc9f8d8e6ad4] RESPONSE FindElement {
   "element-6066-11e4-a52e-4f735466cecf": "cfe028f9-f7b0-481f-a118-341f3d482f59"
}
[1647042004.150][INFO]: [a201074165aeca65fd01fc9f8d8e6ad4] COMMAND ExecuteScript {
   "args": [ {
      "ELEMENT": "cfe028f9-f7b0-481f-a118-341f3d482f59",
      "element-6066-11e4-a52e-4f735466cecf": "cfe028f9-f7b0-481f-a118-341f3d482f59"
   }, "scrollHeight" ],
   "script": "return (function(){return function(){var d=this;function f(a){return\"string\"==typeof a};function h(a,b){this.code=a;this.a=l[a]||m;this.message=b||\"\";a=this.a.replace(/((?:^|\\s+)[a-z])/g,function(a){return a.toUpperCase().replace(/^[\\s\\xa0]+/g,\"\")});b=a.length-5;if(0>b||a.indexOf(\"Error\",b)!=b)a+=\"Error\";this.name=a;a=Error(this.message);a.name=this.name;this.stack=a.stack||\"\"}\n(function(){var a=Error;function b(){}b.prototype=a.prototype;h.b=a.prototype;h.prototype=new b;h.prototype.constructor=h;h.a=function(b,c,g){for(var e=Array(arguments.length-2),k=2;k\u003Carguments.length;k++)e[k-2]=arguments[k];return a.prototype[c].apply(b,e)}})();var m=\"unknown error\",l={15:\"element not selectable\",11:\"element not visible\"};l[31]=m;l[30]=m;l[24]=\"invalid cookie domain\";l[29]=\"invalid element coordinates\";l[12]=\"invalid element state\";l[32]=\"invalid selector\";l[51]=\"invalid selector\";\nl[52]=\"invalid selector\";l[17]=\"javascript error\";l[405]=\"unsupported operation\";l[34]=\"move target out of bounds\";l[27]=\"no such alert\";l[7]=\"no such element\";l[8]=\"no such frame\";l[23]=\"no such window\";l[28]=\"script timeout\";l[33]=\"session not created\";l[10]=\"stale element reference\";l[21]=\"timeout\";l[25]=\"unable to set cookie\";l[26]=\"unexpected alert open\";l[13]=m;l[9]=\"unknown command\";h.prototype.toString=function(){return this.name+\": \"+this.message};var n;a:{var p=d.navigator;if(p){var q=p.userAgent;if(q){n=q;break a}}n=\"\"}function r(a){return-1!=n.indexOf(a)};function t(a,b){for(var e=a.length,c=f(a)?a.split(\"\"):a,g=0;g\u003Ce;g++)g in c&&b.call(void 0,c[g],g,a)};function v(){return r(\"iPhone\")&&!r(\"iPod\")&&!r(\"iPad\")};function w(){return(r(\"Chrome\")||r(\"CriOS\"))&&!r(\"Edge\")};var x=r(\"Opera\"),y=r(\"Trident\")||r(\"MSIE\"),z=r(\"Edge\"),A=r(\"Gecko\")&&!(-1!=n.toLowerCase().indexOf(\"webkit\")&&!r(\"Edge\"))&&!(r(\"Trident\")||r(\"MSIE\"))&&!r(\"Edge\"),aa=-1!=n.toLowerCase().indexOf(\"webkit\")&&!r(\"Edge\");function B(){var a=d.document;return a?a.documentMode:void 0}var C;\na:{var D=\"\",E=function(){var a=n;if(A)return/rv\\:([^\\);]+)(\\)|;)/.exec(a);if(z)return/Edge\\/([\\d\\.]+)/.exec(a);if(y)return/\\b(?:MSIE|rv)[: ]([^\\);]+)(\\)|;)/.exec(a);if(aa)return/WebKit\\/(\\S+)/.exec(a);if(x)return/(?:Version)[ \\/]?(\\S+)/.exec(a)}();E&&(D=E?E[1]:\"\");if(y){var F=B();if(null!=F&&F>parseFloat(D)){C=String(F);break a}}C=D}var G;var H=d.document;G=H&&y?B()||(\"CSS1Compat\"==H.compatMode?parseInt(C,10):5):void 0;var ba=r(\"Firefox\"),ca=v()||r(\"iPod\"),da=r(\"iPad\"),I=r(\"Android\")&&!(w()||r(\"Firefox\")||r(\"Opera\")||r(\"Silk\")),ea=w(),J=r(\"Safari\")&&!(w()||r(\"Coast\")||r(\"Opera\")||r(\"Edge\")||r(\"Silk\")||r(\"Android\"))&&!(v()||r(\"iPad\")||r(\"iPod\"));function K(a){return(a=a.exec(n))?a[1]:\"\"}(function(){if(ba)return K(/Firefox\\/([0-9.]+)/);if(y||z||x)return C;if(ea)return v()||r(\"iPad\")||r(\"iPod\")?K(/CriOS\\/([0-9.]+)/):K(/Chrome\\/([0-9.]+)/);if(J&&!(v()||r(\"iPad\")||r(\"iPod\")))return K(/Version\\/([0-9.]+)/);if(ca||da){var a=/Version\\/(\\S+).*Mobile\\/(\\S+)/.exec(n);if(a)return a[1]+\".\"+a[2]}else if(I)return(a=K(/Android\\s+([0-9.]+)/))?a:K(/Version\\/([0-9.]+)/);return\"\"})();var L,M=function(){if(!A)return!1;var a=d.Components;if(!a)return!1;try{if(!a.classes)return!1}catch(g){return!1}var b=a.classes,a=a.interfaces,e=b[\"@mozilla.org/xpcom/version-comparator;1\"].getService(a.nsIVersionComparator),c=b[\"@mozilla.org/xre/app-info;1\"].getService(a.nsIXULAppInfo).version;L=function(a){e.compare(c,\"\"+a)};return!0}(),N=y&&!(8\u003C=Number(G)),fa=y&&!(9\u003C=Number(G));I&&M&&L(2.3);I&&M&&L(4);J&&M&&L(6);var ga={SCRIPT:1,STYLE:1,HEAD:1,IFRAME:1,OBJECT:1},O={IMG:\" \",BR:\"\\n\"};function P(a,b,e){if(!(a.nodeName in ga))if(3==a.nodeType)e?b.push(String(a.nodeValue).replace(/(\\r\\n|\\r|\\n)/g,\"\")):b.push(a.nodeValue);else if(a.nodeName in O)b.push(O[a.nodeName]);else for(a=a.firstChild;a;)P(a,b,e),a=a.nextSibling};function Q(a,b){b=b.toLowerCase();return\"style\"==b?ha(a.style.cssText):N&&\"value\"==b&&R(a,\"INPUT\")?a.value:fa&&!0===a[b]?String(a.getAttribute(b)):(a=a.getAttributeNode(b))&&a.specified?a.value:null}var ia=/[;]+(?=(?:(?:[^\"]*\"){2})*[^\"]*$)(?=(?:(?:[^']*'){2})*[^']*$)(?=(?:[^()]*\\([^()]*\\))*[^()]*$)/;\nfunction ha(a){var b=[];t(a.split(ia),function(a){var c=a.indexOf(\":\");0\u003Cc&&(a=[a.slice(0,c),a.slice(c+1)],2==a.length&&b.push(a[0].toLowerCase(),\":\",a[1],\";\"))});b=b.join(\"\");return b=\";\"==b.charAt(b.length-1)?b:b+\";\"}function S(a,b){N&&\"value\"==b&&R(a,\"OPTION\")&&null===Q(a,\"value\")?(b=[],P(a,b,!1),a=b.join(\"\")):a=a[b];return a}function R(a,b){b&&\"string\"!==typeof b&&(b=b.toString());return!!a&&1==a.nodeType&&(!b||a.tagName.toUpperCase()==b)}\nfunction T(a){return R(a,\"OPTION\")?!0:R(a,\"INPUT\")?(a=a.type.toLowerCase(),\"checkbox\"==a||\"radio\"==a):!1};var ja={\"class\":\"className\",readonly:\"readOnly\"},U=\"allowfullscreen allowpaymentrequest allowusermedia async autofocus autoplay checked compact complete controls declare default defaultchecked defaultselected defer disabled ended formnovalidate hidden indeterminate iscontenteditable ismap itemscope loop multiple muted nohref nomodule noresize noshade novalidate nowrap open paused playsinline pubdate readonly required reversed scoped seamless seeking selected truespeed typemustmatch willvalidate\".split(\" \");function V(a,b){var e=null,c=b.toLowerCase();if(\"style\"==c)return(e=a.style)&&!f(e)&&(e=e.cssText),e;if((\"selected\"==c||\"checked\"==c)&&T(a)){if(!T(a))throw new h(15,\"Element is not selectable\");b=\"selected\";e=a.type&&a.type.toLowerCase();if(\"checkbox\"==e||\"radio\"==e)b=\"checked\";return S(a,b)?\"true\":null}var g=R(a,\"A\");if(R(a,\"IMG\")&&\"src\"==c||g&&\"href\"==c)return(e=Q(a,c))&&(e=S(a,c)),e;if(\"spellcheck\"==c){e=Q(a,c);if(null!==e){if(\"false\"==e.toLowerCase())return\"false\";if(\"true\"==e.toLowerCase())return\"true\"}return S(a,\nc)+\"\"}g=ja[b]||b;a:if(f(U))c=f(c)&&1==c.length?U.indexOf(c,0):-1;else{for(var u=0;u\u003CU.length;u++)if(u in U&&U[u]===c){c=u;break a}c=-1}if(0\u003C=c)return(e=null!==Q(a,b)||S(a,g))?\"true\":null;try{var k=S(a,g)}catch(ka){}(c=null==k)||(c=typeof k,c=\"object\"==c&&null!=k||\"function\"==c);c?e=Q(a,b):e=k;return null!=e?e.toString():null}var W=[\"_\"],X=d;W[0]in X||!X.execScript||X.execScript(\"var \"+W[0]);\nfor(var Y;W.length&&(Y=W.shift());){var Z;if(Z=!W.length)Z=void 0!==V;Z?X[Y]=V:X[Y]&&X[Y]!==Object.prototype[Y]?X=X[Y]:X=X[Y]={}};; return this._.apply(null,arguments);}.apply({navigator:typeof window!='undefined'?window.navigator:null,document:typeof window!='undefined'?window.document:null}, arguments);}\n).apply(null, arguments);"
}
[1647042004.150][INFO]: Waiting for pending navigations...
[1647042004.151][INFO]: Done waiting for pending navigations. Status: ok
[1647042004.154][INFO]: Waiting for pending navigations...
[1647042004.158][INFO]: Done waiting for pending navigations. Status: ok
[1647042004.158][INFO]: [a201074165aeca65fd01fc9f8d8e6ad4] RESPONSE ExecuteScript "2744"
[1647042004.158][INFO]: [a201074165aeca65fd01fc9f8d8e6ad4] COMMAND ExecuteScript {
   "args": [ {
      "ELEMENT": "cfe028f9-f7b0-481f-a118-341f3d482f59",
      "element-6066-11e4-a52e-4f735466cecf": "cfe028f9-f7b0-481f-a118-341f3d482f59"
   } ],
   "script": "arguments[0].scrollTo(0, arguments[0].scrollHeight)"
}
[1647042004.158][INFO]: Waiting for pending navigations...
[1647042004.159][INFO]: Done waiting for pending navigations. Status: ok
[1647042004.161][INFO]: Waiting for pending navigations...
[1647042004.162][INFO]: Done waiting for pending navigations. Status: ok
[1647042004.162][INFO]: [a201074165aeca65fd01fc9f8d8e6ad4] RESPONSE ExecuteScript null
[1647042009.165][INFO]: [a201074165aeca65fd01fc9f8d8e6ad4] COMMAND ExecuteScript {
   "args": [ {
      "ELEMENT": "cfe028f9-f7b0-481f-a118-341f3d482f59",
      "element-6066-11e4-a52e-4f735466cecf": "cfe028f9-f7b0-481f-a118-341f3d482f59"
   }, "scrollHeight" ],
   "script": "return (function(){return function(){var d=this;function f(a){return\"string\"==typeof a};function h(a,b){this.code=a;this.a=l[a]||m;this.message=b||\"\";a=this.a.replace(/((?:^|\\s+)[a-z])/g,function(a){return a.toUpperCase().replace(/^[\\s\\xa0]+/g,\"\")});b=a.length-5;if(0>b||a.indexOf(\"Error\",b)!=b)a+=\"Error\";this.name=a;a=Error(this.message);a.name=this.name;this.stack=a.stack||\"\"}\n(function(){var a=Error;function b(){}b.prototype=a.prototype;h.b=a.prototype;h.prototype=new b;h.prototype.constructor=h;h.a=function(b,c,g){for(var e=Array(arguments.length-2),k=2;k\u003Carguments.length;k++)e[k-2]=arguments[k];return a.prototype[c].apply(b,e)}})();var m=\"unknown error\",l={15:\"element not selectable\",11:\"element not visible\"};l[31]=m;l[30]=m;l[24]=\"invalid cookie domain\";l[29]=\"invalid element coordinates\";l[12]=\"invalid element state\";l[32]=\"invalid selector\";l[51]=\"invalid selector\";\nl[52]=\"invalid selector\";l[17]=\"javascript error\";l[405]=\"unsupported operation\";l[34]=\"move target out of bounds\";l[27]=\"no such alert\";l[7]=\"no such element\";l[8]=\"no such frame\";l[23]=\"no such window\";l[28]=\"script timeout\";l[33]=\"session not created\";l[10]=\"stale element reference\";l[21]=\"timeout\";l[25]=\"unable to set cookie\";l[26]=\"unexpected alert open\";l[13]=m;l[9]=\"unknown command\";h.prototype.toString=function(){return this.name+\": \"+this.message};var n;a:{var p=d.navigator;if(p){var q=p.userAgent;if(q){n=q;break a}}n=\"\"}function r(a){return-1!=n.indexOf(a)};function t(a,b){for(var e=a.length,c=f(a)?a.split(\"\"):a,g=0;g\u003Ce;g++)g in c&&b.call(void 0,c[g],g,a)};function v(){return r(\"iPhone\")&&!r(\"iPod\")&&!r(\"iPad\")};function w(){return(r(\"Chrome\")||r(\"CriOS\"))&&!r(\"Edge\")};var x=r(\"Opera\"),y=r(\"Trident\")||r(\"MSIE\"),z=r(\"Edge\"),A=r(\"Gecko\")&&!(-1!=n.toLowerCase().indexOf(\"webkit\")&&!r(\"Edge\"))&&!(r(\"Trident\")||r(\"MSIE\"))&&!r(\"Edge\"),aa=-1!=n.toLowerCase().indexOf(\"webkit\")&&!r(\"Edge\");function B(){var a=d.document;return a?a.documentMode:void 0}var C;\na:{var D=\"\",E=function(){var a=n;if(A)return/rv\\:([^\\);]+)(\\)|;)/.exec(a);if(z)return/Edge\\/([\\d\\.]+)/.exec(a);if(y)return/\\b(?:MSIE|rv)[: ]([^\\);]+)(\\)|;)/.exec(a);if(aa)return/WebKit\\/(\\S+)/.exec(a);if(x)return/(?:Version)[ \\/]?(\\S+)/.exec(a)}();E&&(D=E?E[1]:\"\");if(y){var F=B();if(null!=F&&F>parseFloat(D)){C=String(F);break a}}C=D}var G;var H=d.document;G=H&&y?B()||(\"CSS1Compat\"==H.compatMode?parseInt(C,10):5):void 0;var ba=r(\"Firefox\"),ca=v()||r(\"iPod\"),da=r(\"iPad\"),I=r(\"Android\")&&!(w()||r(\"Firefox\")||r(\"Opera\")||r(\"Silk\")),ea=w(),J=r(\"Safari\")&&!(w()||r(\"Coast\")||r(\"Opera\")||r(\"Edge\")||r(\"Silk\")||r(\"Android\"))&&!(v()||r(\"iPad\")||r(\"iPod\"));function K(a){return(a=a.exec(n))?a[1]:\"\"}(function(){if(ba)return K(/Firefox\\/([0-9.]+)/);if(y||z||x)return C;if(ea)return v()||r(\"iPad\")||r(\"iPod\")?K(/CriOS\\/([0-9.]+)/):K(/Chrome\\/([0-9.]+)/);if(J&&!(v()||r(\"iPad\")||r(\"iPod\")))return K(/Version\\/([0-9.]+)/);if(ca||da){var a=/Version\\/(\\S+).*Mobile\\/(\\S+)/.exec(n);if(a)return a[1]+\".\"+a[2]}else if(I)return(a=K(/Android\\s+([0-9.]+)/))?a:K(/Version\\/([0-9.]+)/);return\"\"})();var L,M=function(){if(!A)return!1;var a=d.Components;if(!a)return!1;try{if(!a.classes)return!1}catch(g){return!1}var b=a.classes,a=a.interfaces,e=b[\"@mozilla.org/xpcom/version-comparator;1\"].getService(a.nsIVersionComparator),c=b[\"@mozilla.org/xre/app-info;1\"].getService(a.nsIXULAppInfo).version;L=function(a){e.compare(c,\"\"+a)};return!0}(),N=y&&!(8\u003C=Number(G)),fa=y&&!(9\u003C=Number(G));I&&M&&L(2.3);I&&M&&L(4);J&&M&&L(6);var ga={SCRIPT:1,STYLE:1,HEAD:1,IFRAME:1,OBJECT:1},O={IMG:\" \",BR:\"\\n\"};function P(a,b,e){if(!(a.nodeName in ga))if(3==a.nodeType)e?b.push(String(a.nodeValue).replace(/(\\r\\n|\\r|\\n)/g,\"\")):b.push(a.nodeValue);else if(a.nodeName in O)b.push(O[a.nodeName]);else for(a=a.firstChild;a;)P(a,b,e),a=a.nextSibling};function Q(a,b){b=b.toLowerCase();return\"style\"==b?ha(a.style.cssText):N&&\"value\"==b&&R(a,\"INPUT\")?a.value:fa&&!0===a[b]?String(a.getAttribute(b)):(a=a.getAttributeNode(b))&&a.specified?a.value:null}var ia=/[;]+(?=(?:(?:[^\"]*\"){2})*[^\"]*$)(?=(?:(?:[^']*'){2})*[^']*$)(?=(?:[^()]*\\([^()]*\\))*[^()]*$)/;\nfunction ha(a){var b=[];t(a.split(ia),function(a){var c=a.indexOf(\":\");0\u003Cc&&(a=[a.slice(0,c),a.slice(c+1)],2==a.length&&b.push(a[0].toLowerCase(),\":\",a[1],\";\"))});b=b.join(\"\");return b=\";\"==b.charAt(b.length-1)?b:b+\";\"}function S(a,b){N&&\"value\"==b&&R(a,\"OPTION\")&&null===Q(a,\"value\")?(b=[],P(a,b,!1),a=b.join(\"\")):a=a[b];return a}function R(a,b){b&&\"string\"!==typeof b&&(b=b.toString());return!!a&&1==a.nodeType&&(!b||a.tagName.toUpperCase()==b)}\nfunction T(a){return R(a,\"OPTION\")?!0:R(a,\"INPUT\")?(a=a.type.toLowerCase(),\"checkbox\"==a||\"radio\"==a):!1};var ja={\"class\":\"className\",readonly:\"readOnly\"},U=\"allowfullscreen allowpaymentrequest allowusermedia async autofocus autoplay checked compact complete controls declare default defaultchecked defaultselected defer disabled ended formnovalidate hidden indeterminate iscontenteditable ismap itemscope loop multiple muted nohref nomodule noresize noshade novalidate nowrap open paused playsinline pubdate readonly required reversed scoped seamless seeking selected truespeed typemustmatch willvalidate\".split(\" \");function V(a,b){var e=null,c=b.toLowerCase();if(\"style\"==c)return(e=a.style)&&!f(e)&&(e=e.cssText),e;if((\"selected\"==c||\"checked\"==c)&&T(a)){if(!T(a))throw new h(15,\"Element is not selectable\");b=\"selected\";e=a.type&&a.type.toLowerCase();if(\"checkbox\"==e||\"radio\"==e)b=\"checked\";return S(a,b)?\"true\":null}var g=R(a,\"A\");if(R(a,\"IMG\")&&\"src\"==c||g&&\"href\"==c)return(e=Q(a,c))&&(e=S(a,c)),e;if(\"spellcheck\"==c){e=Q(a,c);if(null!==e){if(\"false\"==e.toLowerCase())return\"false\";if(\"true\"==e.toLowerCase())return\"true\"}return S(a,\nc)+\"\"}g=ja[b]||b;a:if(f(U))c=f(c)&&1==c.length?U.indexOf(c,0):-1;else{for(var u=0;u\u003CU.length;u++)if(u in U&&U[u]===c){c=u;break a}c=-1}if(0\u003C=c)return(e=null!==Q(a,b)||S(a,g))?\"true\":null;try{var k=S(a,g)}catch(ka){}(c=null==k)||(c=typeof k,c=\"object\"==c&&null!=k||\"function\"==c);c?e=Q(a,b):e=k;return null!=e?e.toString():null}var W=[\"_\"],X=d;W[0]in X||!X.execScript||X.execScript(\"var \"+W[0]);\nfor(var Y;W.length&&(Y=W.shift());){var Z;if(Z=!W.length)Z=void 0!==V;Z?X[Y]=V:X[Y]&&X[Y]!==Object.prototype[Y]?X=X[Y]:X=X[Y]={}};; return this._.apply(null,arguments);}.apply({navigator:typeof window!='undefined'?window.navigator:null,document:typeof window!='undefined'?window.document:null}, arguments);}\n).apply(null, arguments);"
}
[1647042009.168][INFO]: Waiting for pending navigations...
[1647042009.169][INFO]: Done waiting for pending navigations. Status: ok
[1647042009.172][INFO]: Waiting for pending navigations...
[1647042009.173][INFO]: Done waiting for pending navigations. Status: ok
[1647042009.173][INFO]: [a201074165aeca65fd01fc9f8d8e6ad4] RESPONSE ExecuteScript "2744"
[1647042009.174][INFO]: [a201074165aeca65fd01fc9f8d8e6ad4] COMMAND FindElements {
   "using": "css selector",
   "value": ".notion-toggle-block"
}
[1647042009.174][INFO]: Waiting for pending navigations...
[1647042009.175][INFO]: Done waiting for pending navigations. Status: ok
[1647042009.181][INFO]: Waiting for pending navigations...
[1647042009.182][INFO]: Done waiting for pending navigations. Status: ok
[1647042009.182][INFO]: [a201074165aeca65fd01fc9f8d8e6ad4] RESPONSE FindElements [  ]
[1647042009.183][INFO]: [a201074165aeca65fd01fc9f8d8e6ad4] COMMAND FindElements {
   "using": "css selector",
   "value": ".notion-toggle-block"
}
[1647042009.183][INFO]: Waiting for pending navigations...
[1647042009.184][INFO]: Done waiting for pending navigations. Status: ok
[1647042009.187][INFO]: Waiting for pending navigations...
[1647042009.187][INFO]: Done waiting for pending navigations. Status: ok
[1647042009.187][INFO]: [a201074165aeca65fd01fc9f8d8e6ad4] RESPONSE FindElements [  ]
[1647042009.189][INFO]: [a201074165aeca65fd01fc9f8d8e6ad4] COMMAND GetSource {

}
[1647042009.189][INFO]: Waiting for pending navigations...
[1647042009.189][INFO]: Done waiting for pending navigations. Status: ok
[1647042009.196][INFO]: Waiting for pending navigations...
[1647042009.197][INFO]: Done waiting for pending navigations. Status: ok
[1647042009.197][INFO]: [a201074165aeca65fd01fc9f8d8e6ad4] RESPONSE GetSource "\u003Chtml class=\"notion-html\">\u003Chead lang=\"en\">\u003Cmeta charset=\"utf-8\">\u003Cmeta name=\"viewport\" content=\"width=device-width,height=device-height,initial-scale=1,maximum-scale=1,user-scalable=no,viewport-fit=..."
